<?xml version="1.0" encoding="UTF-8"?>
<testsuite name="NewUserRegTest"
           tests="15"
           failures="1"
           errors="0"
           skipped="14"
           time="0.000">
  <properties />
            <testcase name="setUp" time="0.000" classname="com.houzify.scripts.NewUserRegTest">
                <failure type="org.openqa.selenium.SessionNotCreatedException"
                  message="A new session could not be created. (Original error: Requested a new session but one was in progress) (WARNING: The server did not provide any stacktrace information)
Command duration or timeout: 40 milliseconds
Build info: version: &apos;2.47.1&apos;, revision: &apos;unknown&apos;, time: &apos;2015-07-30 11:02:44&apos;
System info: host: &apos;CBT-076&apos;, ip: &apos;10.10.5.26&apos;, os.name: &apos;Windows 8.1&apos;, os.arch: &apos;amd64&apos;, os.version: &apos;6.3&apos;, java.version: &apos;1.8.0_66&apos;
Driver info: io.appium.java_client.android.AndroidDriver"
              >
<![CDATA[org.openqa.selenium.SessionNotCreatedException: A new session could not be created. (Original error: Requested a new session but one was in progress) (WARNING: The server did not provide any stacktrace information)
Command duration or timeout: 40 milliseconds
Build info: version: '2.47.1', revision: 'unknown', time: '2015-07-30 11:02:44'
System info: host: 'CBT-076', ip: '10.10.5.26', os.name: 'Windows 8.1', os.arch: 'amd64', os.version: '6.3', java.version: '1.8.0_66'
Driver info: io.appium.java_client.android.AndroidDriver
  sun.reflect.NativeConstructorAccessorImpl.newInstance0(Native Method)
  sun.reflect.NativeConstructorAccessorImpl.newInstance(NativeConstructorAccessorImpl.java:62)
  sun.reflect.DelegatingConstructorAccessorImpl.newInstance(DelegatingConstructorAccessorImpl.java:45)
  java.lang.reflect.Constructor.newInstance(Constructor.java:422)
  org.openqa.selenium.remote.ErrorHandler.createThrowable(ErrorHandler.java:206)
  org.openqa.selenium.remote.ErrorHandler.throwIfResponseFailed(ErrorHandler.java:158)
  org.openqa.selenium.remote.RemoteWebDriver.execute(RemoteWebDriver.java:595)
  io.appium.java_client.DefaultGenericMobileDriver.execute(DefaultGenericMobileDriver.java:42)
  io.appium.java_client.AppiumDriver.execute(AppiumDriver.java:1)
  io.appium.java_client.android.AndroidDriver.execute(AndroidDriver.java:1)
  org.openqa.selenium.remote.RemoteWebDriver.startSession(RemoteWebDriver.java:242)
  org.openqa.selenium.remote.RemoteWebDriver.<init>(RemoteWebDriver.java:128)
  org.openqa.selenium.remote.RemoteWebDriver.<init>(RemoteWebDriver.java:141)
  io.appium.java_client.DefaultGenericMobileDriver.<init>(DefaultGenericMobileDriver.java:37)
  io.appium.java_client.AppiumDriver.<init>(AppiumDriver.java:161)
  io.appium.java_client.AppiumDriver.<init>(AppiumDriver.java:170)
  io.appium.java_client.android.AndroidDriver.<init>(AndroidDriver.java:82)
  com.houzify.baselib.HouzifyBaseLib.setUp(HouzifyBaseLib.java:59)
  sun.reflect.NativeMethodAccessorImpl.invoke0(Native Method)
  sun.reflect.NativeMethodAccessorImpl.invoke(NativeMethodAccessorImpl.java:62)
  sun.reflect.DelegatingMethodAccessorImpl.invoke(DelegatingMethodAccessorImpl.java:43)
  java.lang.reflect.Method.invoke(Method.java:497)
  org.testng.internal.MethodInvocationHelper.invokeMethod(MethodInvocationHelper.java:85)
  org.testng.internal.Invoker.invokeConfigurationMethod(Invoker.java:517)
  org.testng.internal.Invoker.invokeConfigurations(Invoker.java:213)
  org.testng.internal.Invoker.invokeMethod(Invoker.java:601)
  org.testng.internal.Invoker.invokeTestMethod(Invoker.java:845)
  org.testng.internal.Invoker.invokeTestMethods(Invoker.java:1153)
  org.testng.internal.TestMethodWorker.invokeTestMethods(TestMethodWorker.java:125)
  org.testng.internal.TestMethodWorker.run(TestMethodWorker.java:108)
  org.testng.TestRunner.privateRun(TestRunner.java:771)
  org.testng.TestRunner.run(TestRunner.java:621)
  org.testng.SuiteRunner.runTest(SuiteRunner.java:357)
  org.testng.SuiteRunner.runSequentially(SuiteRunner.java:352)
  org.testng.SuiteRunner.privateRun(SuiteRunner.java:310)
  org.testng.SuiteRunner.run(SuiteRunner.java:259)
  org.testng.SuiteRunnerWorker.runSuite(SuiteRunnerWorker.java:52)
  org.testng.SuiteRunnerWorker.run(SuiteRunnerWorker.java:86)
  org.testng.TestNG.runSuitesSequentially(TestNG.java:1199)
  org.testng.TestNG.runSuitesLocally(TestNG.java:1124)
  org.testng.TestNG.run(TestNG.java:1032)
  org.apache.maven.surefire.testng.TestNGExecutor.run(TestNGExecutor.java:282)
  org.apache.maven.surefire.testng.TestNGXmlTestSuite.execute(TestNGXmlTestSuite.java:83)
  org.apache.maven.surefire.testng.TestNGProvider.invoke(TestNGProvider.java:114)
  org.apache.maven.surefire.booter.ForkedBooter.invokeProviderInSameClassLoader(ForkedBooter.java:286)
  org.apache.maven.surefire.booter.ForkedBooter.runSuitesInProcess(ForkedBooter.java:240)
  org.apache.maven.surefire.booter.ForkedBooter.main(ForkedBooter.java:121)
]]>
      </failure>

          </testcase>
  
            <testcase name="setUp" time="0.0" classname="com.houzify.scripts.NewUserRegTest">
          <skipped />
    </testcase>
            <testcase name="setUp" time="0.0" classname="com.houzify.scripts.NewUserRegTest">
          <skipped />
    </testcase>
            <testcase name="tearDown" time="0.0" classname="com.houzify.scripts.NewUserRegTest">
          <skipped />
    </testcase>
            <testcase name="tearDown" time="0.0" classname="com.houzify.scripts.NewUserRegTest">
          <skipped />
    </testcase>
            <testcase name="setUp" time="0.0" classname="com.houzify.scripts.NewUserRegTest">
          <skipped />
    </testcase>
            <testcase name="tearDown" time="0.0" classname="com.houzify.scripts.NewUserRegTest">
          <skipped />
    </testcase>
            <testcase name="setUp" time="0.0" classname="com.houzify.scripts.NewUserRegTest">
          <skipped />
    </testcase>
            <testcase name="tearDown" time="0.0" classname="com.houzify.scripts.NewUserRegTest">
          <skipped />
    </testcase>
            <testcase name="tearDown" time="0.0" classname="com.houzify.scripts.NewUserRegTest">
          <skipped />
    </testcase>
            <testcase name="testSignupWithCameraPic" time="0.0" classname="com.houzify.scripts.NewUserRegTest">
          <skipped />
    </testcase>
            <testcase name="testFBLogin" time="0.0" classname="com.houzify.scripts.NewUserRegTest">
          <skipped />
    </testcase>
            <testcase name="testInvalidLogin" time="0.0" classname="com.houzify.scripts.NewUserRegTest">
          <skipped />
    </testcase>
            <testcase name="testGoogleLogin" time="0.0" classname="com.houzify.scripts.NewUserRegTest">
          <skipped />
    </testcase>
            <testcase name="testSignUpwithGalleryImg" time="0.0" classname="com.houzify.scripts.NewUserRegTest">
          <skipped />
    </testcase>
  
  
</testsuite>
